<?xml version="1.0" encoding="UTF-8"?>
<testng-results skipped="0" failed="0" ignored="0" total="1" passed="1">
  <reporter-output>
  </reporter-output>
  <suite name="Suite1" duration-ms="19122" started-at="2020-05-11T13:43:00Z" finished-at="2020-05-11T13:43:19Z">
    <groups>
      <group name="cucumber">
        <method signature="AbstractTestNGCucumberTests.feature(cucumber.api.testng.CucumberFeatureWrapper)[pri:0, instance:runners.testRunner1@36d64342]" name="feature" class="cucumber.api.testng.AbstractTestNGCucumberTests"/>
      </group> <!-- cucumber -->
    </groups>
    <test name="testng1.xml Tests" duration-ms="19122" started-at="2020-05-11T13:43:00Z" finished-at="2020-05-11T13:43:19Z">
      <class name="runners.testRunner1">
        <test-method status="PASS" signature="setUpClass()[pri:0, instance:runners.testRunner1@36d64342]" name="setUpClass" is-config="true" duration-ms="166" started-at="2020-05-11T13:43:00Z" finished-at="2020-05-11T13:43:00Z">
          <reporter-output>
          </reporter-output>
        </test-method> <!-- setUpClass -->
        <test-method status="PASS" signature="feature(cucumber.api.testng.CucumberFeatureWrapper)[pri:0, instance:runners.testRunner1@36d64342]" name="feature" duration-ms="18617" started-at="2020-05-11T13:43:00Z" description="Runs Cucumber Feature" data-provider="features" finished-at="2020-05-11T13:43:18Z">
          <params>
            <param index="0">
              <value>
                <![CDATA[Demo]]>
              </value>
            </param>
          </params>
          <reporter-output>
          </reporter-output>
        </test-method> <!-- feature -->
        <test-method status="PASS" signature="tearDownClass()[pri:0, instance:runners.testRunner1@36d64342]" name="tearDownClass" is-config="true" duration-ms="253" started-at="2020-05-11T13:43:18Z" finished-at="2020-05-11T13:43:19Z">
          <reporter-output>
          </reporter-output>
        </test-method> <!-- tearDownClass -->
      </class> <!-- runners.testRunner1 -->
    </test> <!-- testng1.xml Tests -->
  </suite> <!-- Suite1 -->
</testng-results>
